c:\users\administrator\documents\visual studio 2017\projects\2017_02_lab\lab_05\lab_05\debug\vc141.pdb
c:\users\administrator\documents\visual studio 2017\projects\2017_02_lab\lab_05\lab_05\debug\vc141.idb
c:\users\administrator\documents\visual studio 2017\projects\2017_02_lab\lab_05\lab_05\debug\circle.obj
c:\users\administrator\documents\visual studio 2017\projects\2017_02_lab\lab_05\lab_05\debug\consolepixeldrawing.obj
c:\users\administrator\documents\visual studio 2017\projects\2017_02_lab\lab_05\lab_05\debug\main.obj
c:\users\administrator\documents\visual studio 2017\projects\2017_02_lab\lab_05\lab_05\debug\polygon.obj
c:\users\administrator\documents\visual studio 2017\projects\2017_02_lab\lab_05\lab_05\debug\position.obj
c:\users\administrator\documents\visual studio 2017\projects\2017_02_lab\lab_05\lab_05\debug\rectang.obj
c:\users\administrator\documents\visual studio 2017\projects\2017_02_lab\lab_05\lab_05\debug\shape.obj
c:\users\administrator\documents\visual studio 2017\projects\2017_02_lab\lab_05\lab_05\debug\triangle.obj
c:\users\administrator\documents\visual studio 2017\projects\2017_02_lab\lab_05\debug\lab_05.pdb
c:\users\administrator\documents\visual studio 2017\projects\2017_02_lab\lab_05\lab_05\debug\lab_05.tlog\cl.command.1.tlog
c:\users\administrator\documents\visual studio 2017\projects\2017_02_lab\lab_05\lab_05\debug\lab_05.tlog\cl.read.1.tlog
c:\users\administrator\documents\visual studio 2017\projects\2017_02_lab\lab_05\lab_05\debug\lab_05.tlog\cl.write.1.tlog
c:\users\administrator\documents\visual studio 2017\projects\2017_02_lab\lab_05\lab_05\debug\lab_05.tlog\link-cvtres.read.1.tlog
c:\users\administrator\documents\visual studio 2017\projects\2017_02_lab\lab_05\lab_05\debug\lab_05.tlog\link-cvtres.write.1.tlog
c:\users\administrator\documents\visual studio 2017\projects\2017_02_lab\lab_05\lab_05\debug\lab_05.tlog\link-rc.read.1.tlog
c:\users\administrator\documents\visual studio 2017\projects\2017_02_lab\lab_05\lab_05\debug\lab_05.tlog\link-rc.write.1.tlog
c:\users\administrator\documents\visual studio 2017\projects\2017_02_lab\lab_05\lab_05\debug\lab_05.tlog\link.command.1.tlog
c:\users\administrator\documents\visual studio 2017\projects\2017_02_lab\lab_05\lab_05\debug\lab_05.tlog\link.read.1.tlog
c:\users\administrator\documents\visual studio 2017\projects\2017_02_lab\lab_05\lab_05\debug\lab_05.tlog\link.write.1.tlog
